Determining if the pthread_create exist failed with the following output:
Change Dir: /home/erlendb/Programmering/PCL/kinect_ws/src/kinect_node/cmake-build-debug/CMakeFiles/CMakeTmp

Run Build Command:"/usr/bin/make" "cmTC_3b3e6/fast"
/usr/bin/make -f CMakeFiles/cmTC_3b3e6.dir/build.make CMakeFiles/cmTC_3b3e6.dir/build
make[1]: Entering directory '/home/erlendb/Programmering/PCL/kinect_ws/src/kinect_node/cmake-build-debug/CMakeFiles/CMakeTmp'
Building C object CMakeFiles/cmTC_3b3e6.dir/CheckSymbolExists.c.o
/usr/bin/cc    -o CMakeFiles/cmTC_3b3e6.dir/CheckSymbolExists.c.o   -c /home/erlendb/Programmering/PCL/kinect_ws/src/kinect_node/cmake-build-debug/CMakeFiles/CMakeTmp/CheckSymbolExists.c
Linking C executable cmTC_3b3e6
/opt/clion-2018.3.4/bin/cmake/linux/bin/cmake -E cmake_link_script CMakeFiles/cmTC_3b3e6.dir/link.txt --verbose=1
/usr/bin/cc      -rdynamic CMakeFiles/cmTC_3b3e6.dir/CheckSymbolExists.c.o  -o cmTC_3b3e6 
CMakeFiles/cmTC_3b3e6.dir/CheckSymbolExists.c.o: In function `main':
CheckSymbolExists.c:(.text+0x16): undefined reference to `pthread_create'
collect2: error: ld returned 1 exit status
CMakeFiles/cmTC_3b3e6.dir/build.make:86: recipe for target 'cmTC_3b3e6' failed
make[1]: *** [cmTC_3b3e6] Error 1
make[1]: Leaving directory '/home/erlendb/Programmering/PCL/kinect_ws/src/kinect_node/cmake-build-debug/CMakeFiles/CMakeTmp'
Makefile:121: recipe for target 'cmTC_3b3e6/fast' failed
make: *** [cmTC_3b3e6/fast] Error 2

File /home/erlendb/Programmering/PCL/kinect_ws/src/kinect_node/cmake-build-debug/CMakeFiles/CMakeTmp/CheckSymbolExists.c:
/* */
#include <pthread.h>

int main(int argc, char** argv)
{
  (void)argv;
#ifndef pthread_create
  return ((int*)(&pthread_create))[argc];
#else
  (void)argc;
  return 0;
#endif
}

Determining if the function pthread_create exists in the pthreads failed with the following output:
Change Dir: /home/erlendb/Programmering/PCL/kinect_ws/src/kinect_node/cmake-build-debug/CMakeFiles/CMakeTmp

Run Build Command:"/usr/bin/make" "cmTC_abc82/fast"
/usr/bin/make -f CMakeFiles/cmTC_abc82.dir/build.make CMakeFiles/cmTC_abc82.dir/build
make[1]: Entering directory '/home/erlendb/Programmering/PCL/kinect_ws/src/kinect_node/cmake-build-debug/CMakeFiles/CMakeTmp'
Building C object CMakeFiles/cmTC_abc82.dir/CheckFunctionExists.c.o
/usr/bin/cc   -DCHECK_FUNCTION_EXISTS=pthread_create   -o CMakeFiles/cmTC_abc82.dir/CheckFunctionExists.c.o   -c /opt/clion-2018.3.4/bin/cmake/linux/share/cmake-3.13/Modules/CheckFunctionExists.c
Linking C executable cmTC_abc82
/opt/clion-2018.3.4/bin/cmake/linux/bin/cmake -E cmake_link_script CMakeFiles/cmTC_abc82.dir/link.txt --verbose=1
/usr/bin/cc  -DCHECK_FUNCTION_EXISTS=pthread_create    -rdynamic CMakeFiles/cmTC_abc82.dir/CheckFunctionExists.c.o  -o cmTC_abc82 -lpthreads 
/usr/bin/ld: cannot find -lpthreads
collect2: error: ld returned 1 exit status
CMakeFiles/cmTC_abc82.dir/build.make:86: recipe for target 'cmTC_abc82' failed
make[1]: *** [cmTC_abc82] Error 1
make[1]: Leaving directory '/home/erlendb/Programmering/PCL/kinect_ws/src/kinect_node/cmake-build-debug/CMakeFiles/CMakeTmp'
Makefile:121: recipe for target 'cmTC_abc82/fast' failed
make: *** [cmTC_abc82/fast] Error 2


