Determining if the pthread_create exist failed with the following output:
Change Dir: /home/erlendb/Programmering/Master/kinect_ws/build/CMakeFiles/CMakeTmp

Run Build Command:"/usr/bin/make" "cmTC_c8d60/fast"
/usr/bin/make -f CMakeFiles/cmTC_c8d60.dir/build.make CMakeFiles/cmTC_c8d60.dir/build
make[1]: Entering directory '/home/erlendb/Programmering/Master/kinect_ws/build/CMakeFiles/CMakeTmp'
Building C object CMakeFiles/cmTC_c8d60.dir/CheckSymbolExists.c.o
/usr/bin/cc    -o CMakeFiles/cmTC_c8d60.dir/CheckSymbolExists.c.o   -c /home/erlendb/Programmering/Master/kinect_ws/build/CMakeFiles/CMakeTmp/CheckSymbolExists.c
Linking C executable cmTC_c8d60
/opt/clion-2019.1/bin/cmake/linux/bin/cmake -E cmake_link_script CMakeFiles/cmTC_c8d60.dir/link.txt --verbose=1
/usr/bin/cc      -rdynamic CMakeFiles/cmTC_c8d60.dir/CheckSymbolExists.c.o  -o cmTC_c8d60 
CMakeFiles/cmTC_c8d60.dir/CheckSymbolExists.c.o: In function `main':
CheckSymbolExists.c:(.text+0x16): undefined reference to `pthread_create'
collect2: error: ld returned 1 exit status
CMakeFiles/cmTC_c8d60.dir/build.make:86: recipe for target 'cmTC_c8d60' failed
make[1]: *** [cmTC_c8d60] Error 1
make[1]: Leaving directory '/home/erlendb/Programmering/Master/kinect_ws/build/CMakeFiles/CMakeTmp'
Makefile:121: recipe for target 'cmTC_c8d60/fast' failed
make: *** [cmTC_c8d60/fast] Error 2

File /home/erlendb/Programmering/Master/kinect_ws/build/CMakeFiles/CMakeTmp/CheckSymbolExists.c:
/* */
#include <pthread.h>

int main(int argc, char** argv)
{
  (void)argv;
#ifndef pthread_create
  return ((int*)(&pthread_create))[argc];
#else
  (void)argc;
  return 0;
#endif
}

Determining if the function pthread_create exists in the pthreads failed with the following output:
Change Dir: /home/erlendb/Programmering/Master/kinect_ws/build/CMakeFiles/CMakeTmp

Run Build Command:"/usr/bin/make" "cmTC_ff81f/fast"
/usr/bin/make -f CMakeFiles/cmTC_ff81f.dir/build.make CMakeFiles/cmTC_ff81f.dir/build
make[1]: Entering directory '/home/erlendb/Programmering/Master/kinect_ws/build/CMakeFiles/CMakeTmp'
Building C object CMakeFiles/cmTC_ff81f.dir/CheckFunctionExists.c.o
/usr/bin/cc   -DCHECK_FUNCTION_EXISTS=pthread_create   -o CMakeFiles/cmTC_ff81f.dir/CheckFunctionExists.c.o   -c /opt/clion-2019.1/bin/cmake/linux/share/cmake-3.13/Modules/CheckFunctionExists.c
Linking C executable cmTC_ff81f
/opt/clion-2019.1/bin/cmake/linux/bin/cmake -E cmake_link_script CMakeFiles/cmTC_ff81f.dir/link.txt --verbose=1
/usr/bin/cc  -DCHECK_FUNCTION_EXISTS=pthread_create    -rdynamic CMakeFiles/cmTC_ff81f.dir/CheckFunctionExists.c.o  -o cmTC_ff81f -lpthreads 
/usr/bin/ld: cannot find -lpthreads
collect2: error: ld returned 1 exit status
CMakeFiles/cmTC_ff81f.dir/build.make:86: recipe for target 'cmTC_ff81f' failed
make[1]: *** [cmTC_ff81f] Error 1
make[1]: Leaving directory '/home/erlendb/Programmering/Master/kinect_ws/build/CMakeFiles/CMakeTmp'
Makefile:121: recipe for target 'cmTC_ff81f/fast' failed
make: *** [cmTC_ff81f/fast] Error 2


Determining if the CL_VERSION_2_0 exist failed with the following output:
Change Dir: /home/erlendb/Programmering/Master/kinect_ws/build/CMakeFiles/CMakeTmp

Run Build Command:"/usr/bin/make" "cmTC_b5494/fast"
/usr/bin/make -f CMakeFiles/cmTC_b5494.dir/build.make CMakeFiles/cmTC_b5494.dir/build
make[1]: Entering directory '/home/erlendb/Programmering/Master/kinect_ws/build/CMakeFiles/CMakeTmp'
Building C object CMakeFiles/cmTC_b5494.dir/CheckSymbolExists.c.o
/usr/bin/cc    -o CMakeFiles/cmTC_b5494.dir/CheckSymbolExists.c.o   -c /home/erlendb/Programmering/Master/kinect_ws/build/CMakeFiles/CMakeTmp/CheckSymbolExists.c
/home/erlendb/Programmering/Master/kinect_ws/build/CMakeFiles/CMakeTmp/CheckSymbolExists.c:2:47: fatal error: OpenCL_INCLUDE_DIR-NOTFOUND/CL/cl.h: No such file or directory
compilation terminated.
CMakeFiles/cmTC_b5494.dir/build.make:65: recipe for target 'CMakeFiles/cmTC_b5494.dir/CheckSymbolExists.c.o' failed
make[1]: *** [CMakeFiles/cmTC_b5494.dir/CheckSymbolExists.c.o] Error 1
make[1]: Leaving directory '/home/erlendb/Programmering/Master/kinect_ws/build/CMakeFiles/CMakeTmp'
Makefile:121: recipe for target 'cmTC_b5494/fast' failed
make: *** [cmTC_b5494/fast] Error 2

File /home/erlendb/Programmering/Master/kinect_ws/build/CMakeFiles/CMakeTmp/CheckSymbolExists.c:
/* */
#include <OpenCL_INCLUDE_DIR-NOTFOUND/CL/cl.h>

int main(int argc, char** argv)
{
  (void)argv;
#ifndef CL_VERSION_2_0
  return ((int*)(&CL_VERSION_2_0))[argc];
#else
  (void)argc;
  return 0;
#endif
}

Determining if the CL_VERSION_1_2 exist failed with the following output:
Change Dir: /home/erlendb/Programmering/Master/kinect_ws/build/CMakeFiles/CMakeTmp

Run Build Command:"/usr/bin/make" "cmTC_11563/fast"
/usr/bin/make -f CMakeFiles/cmTC_11563.dir/build.make CMakeFiles/cmTC_11563.dir/build
make[1]: Entering directory '/home/erlendb/Programmering/Master/kinect_ws/build/CMakeFiles/CMakeTmp'
Building C object CMakeFiles/cmTC_11563.dir/CheckSymbolExists.c.o
/usr/bin/cc    -o CMakeFiles/cmTC_11563.dir/CheckSymbolExists.c.o   -c /home/erlendb/Programmering/Master/kinect_ws/build/CMakeFiles/CMakeTmp/CheckSymbolExists.c
/home/erlendb/Programmering/Master/kinect_ws/build/CMakeFiles/CMakeTmp/CheckSymbolExists.c:2:47: fatal error: OpenCL_INCLUDE_DIR-NOTFOUND/CL/cl.h: No such file or directory
compilation terminated.
CMakeFiles/cmTC_11563.dir/build.make:65: recipe for target 'CMakeFiles/cmTC_11563.dir/CheckSymbolExists.c.o' failed
make[1]: *** [CMakeFiles/cmTC_11563.dir/CheckSymbolExists.c.o] Error 1
make[1]: Leaving directory '/home/erlendb/Programmering/Master/kinect_ws/build/CMakeFiles/CMakeTmp'
Makefile:121: recipe for target 'cmTC_11563/fast' failed
make: *** [cmTC_11563/fast] Error 2

File /home/erlendb/Programmering/Master/kinect_ws/build/CMakeFiles/CMakeTmp/CheckSymbolExists.c:
/* */
#include <OpenCL_INCLUDE_DIR-NOTFOUND/CL/cl.h>

int main(int argc, char** argv)
{
  (void)argv;
#ifndef CL_VERSION_1_2
  return ((int*)(&CL_VERSION_1_2))[argc];
#else
  (void)argc;
  return 0;
#endif
}

Determining if the CL_VERSION_1_1 exist failed with the following output:
Change Dir: /home/erlendb/Programmering/Master/kinect_ws/build/CMakeFiles/CMakeTmp

Run Build Command:"/usr/bin/make" "cmTC_d3681/fast"
/usr/bin/make -f CMakeFiles/cmTC_d3681.dir/build.make CMakeFiles/cmTC_d3681.dir/build
make[1]: Entering directory '/home/erlendb/Programmering/Master/kinect_ws/build/CMakeFiles/CMakeTmp'
Building C object CMakeFiles/cmTC_d3681.dir/CheckSymbolExists.c.o
/usr/bin/cc    -o CMakeFiles/cmTC_d3681.dir/CheckSymbolExists.c.o   -c /home/erlendb/Programmering/Master/kinect_ws/build/CMakeFiles/CMakeTmp/CheckSymbolExists.c
/home/erlendb/Programmering/Master/kinect_ws/build/CMakeFiles/CMakeTmp/CheckSymbolExists.c:2:47: fatal error: OpenCL_INCLUDE_DIR-NOTFOUND/CL/cl.h: No such file or directory
compilation terminated.
CMakeFiles/cmTC_d3681.dir/build.make:65: recipe for target 'CMakeFiles/cmTC_d3681.dir/CheckSymbolExists.c.o' failed
make[1]: *** [CMakeFiles/cmTC_d3681.dir/CheckSymbolExists.c.o] Error 1
make[1]: Leaving directory '/home/erlendb/Programmering/Master/kinect_ws/build/CMakeFiles/CMakeTmp'
Makefile:121: recipe for target 'cmTC_d3681/fast' failed
make: *** [cmTC_d3681/fast] Error 2

File /home/erlendb/Programmering/Master/kinect_ws/build/CMakeFiles/CMakeTmp/CheckSymbolExists.c:
/* */
#include <OpenCL_INCLUDE_DIR-NOTFOUND/CL/cl.h>

int main(int argc, char** argv)
{
  (void)argv;
#ifndef CL_VERSION_1_1
  return ((int*)(&CL_VERSION_1_1))[argc];
#else
  (void)argc;
  return 0;
#endif
}

Determining if the CL_VERSION_1_0 exist failed with the following output:
Change Dir: /home/erlendb/Programmering/Master/kinect_ws/build/CMakeFiles/CMakeTmp

Run Build Command:"/usr/bin/make" "cmTC_6a959/fast"
/usr/bin/make -f CMakeFiles/cmTC_6a959.dir/build.make CMakeFiles/cmTC_6a959.dir/build
make[1]: Entering directory '/home/erlendb/Programmering/Master/kinect_ws/build/CMakeFiles/CMakeTmp'
Building C object CMakeFiles/cmTC_6a959.dir/CheckSymbolExists.c.o
/usr/bin/cc    -o CMakeFiles/cmTC_6a959.dir/CheckSymbolExists.c.o   -c /home/erlendb/Programmering/Master/kinect_ws/build/CMakeFiles/CMakeTmp/CheckSymbolExists.c
/home/erlendb/Programmering/Master/kinect_ws/build/CMakeFiles/CMakeTmp/CheckSymbolExists.c:2:47: fatal error: OpenCL_INCLUDE_DIR-NOTFOUND/CL/cl.h: No such file or directory
compilation terminated.
CMakeFiles/cmTC_6a959.dir/build.make:65: recipe for target 'CMakeFiles/cmTC_6a959.dir/CheckSymbolExists.c.o' failed
make[1]: *** [CMakeFiles/cmTC_6a959.dir/CheckSymbolExists.c.o] Error 1
make[1]: Leaving directory '/home/erlendb/Programmering/Master/kinect_ws/build/CMakeFiles/CMakeTmp'
Makefile:121: recipe for target 'cmTC_6a959/fast' failed
make: *** [cmTC_6a959/fast] Error 2

File /home/erlendb/Programmering/Master/kinect_ws/build/CMakeFiles/CMakeTmp/CheckSymbolExists.c:
/* */
#include <OpenCL_INCLUDE_DIR-NOTFOUND/CL/cl.h>

int main(int argc, char** argv)
{
  (void)argv;
#ifndef CL_VERSION_1_0
  return ((int*)(&CL_VERSION_1_0))[argc];
#else
  (void)argc;
  return 0;
#endif
}

